app/build/outputs/logs/manifest-merger-debug-report.txt
-- Merging decision tree log ---
manifest
ADDED from src\main\AndroidManifest.xml:22:1-149:12
INJECTED from src\main\AndroidManifest.xml:22:1-149:12
INJECTED from src\main\AndroidManifest.xml:22:1-149:12
INJECTED from src\main\AndroidManifest.xml:22:1-149:12
INJECTED from src\main\AndroidManifest.xml:22:1-149:12
INJECTED from src\main\AndroidManifest.xml:22:1-149:12
INJECTED from src\main\AndroidManifest.xml:22:1-149:12
	package
		ADDED from src\main\AndroidManifest.xml:23:5-42
		INJECTED from src\main\AndroidManifest.xml
		INJECTED from src\main\AndroidManifest.xml
	android:versionName
		INJECTED from src\main\AndroidManifest.xml
		ADDED from src\main\AndroidManifest.xml:22:1-149:12
		INJECTED from src\main\AndroidManifest.xml
	android:versionCode
		INJECTED from src\main\AndroidManifest.xml
		ADDED from src\main\AndroidManifest.xml:22:1-149:12
		INJECTED from src\main\AndroidManifest.xml
	xmlns:android
		ADDED from src\main\AndroidManifest.xml:22:11-69
uses-permission#android.permission.RECORD_AUDIO
ADDED from src\main\AndroidManifest.xml:24:5-71
	android:name
		ADDED from src\main\AndroidManifest.xml:24:22-68
uses-permission#android.permission.ACCESS_NETWORK_STATE
ADDED from src\main\AndroidManifest.xml:25:5-79
	android:name
		ADDED from src\main\AndroidManifest.xml:25:22-76
uses-permission#android.permission.WRITE_EXTERNAL_STORAGE
ADDED from src\main\AndroidManifest.xml:26:5-81
	android:name
		ADDED from src\main\AndroidManifest.xml:26:22-78
uses-permission#android.permission.WRITE_SETTINGS
ADDED from src\main\AndroidManifest.xml:27:5-73
	android:name
		ADDED from src\main\AndroidManifest.xml:27:22-70
uses-permission#android.permission.INTERNET
ADDED from src\main\AndroidManifest.xml:28:5-67
	android:name
		ADDED from src\main\AndroidManifest.xml:28:22-64
uses-permission#android.permission.READ_PHONE_STATE
ADDED from src\main\AndroidManifest.xml:29:5-75
	android:name
		ADDED from src\main\AndroidManifest.xml:29:22-72
uses-permission#android.permission.WAKE_LOCK
ADDED from src\main\AndroidManifest.xml:30:5-68
	android:name
		ADDED from src\main\AndroidManifest.xml:30:22-65
uses-permission#android.permission.ACCESS_FINE_LOCATION
ADDED from src\main\AndroidManifest.xml:31:5-79
	android:name
		ADDED from src\main\AndroidManifest.xml:31:22-76
uses-permission#android.permission.ACCESS_COARSE_LOCATION
ADDED from src\main\AndroidManifest.xml:32:5-81
	android:name
		ADDED from src\main\AndroidManifest.xml:32:22-78
uses-permission#android.permission.ACCESS_WIFI_STATE
ADDED from src\main\AndroidManifest.xml:33:5-76
	android:name
		ADDED from src\main\AndroidManifest.xml:33:22-73
uses-sdk
ADDED from src\main\AndroidManifest.xml:34:5-44
INJECTED from src\main\AndroidManifest.xml:34:5-44
INJECTED from src\main\AndroidManifest.xml:34:5-44
INJECTED from src\main\AndroidManifest.xml:34:5-44
INJECTED from src\main\AndroidManifest.xml:34:5-44
	android:targetSdkVersion
		INJECTED from src\main\AndroidManifest.xml
		ADDED from src\main\AndroidManifest.xml:34:5-44
		INJECTED from src\main\AndroidManifest.xml
	android:minSdkVersion
		ADDED from src\main\AndroidManifest.xml:34:15-41
		INJECTED from src\main\AndroidManifest.xml
		INJECTED from src\main\AndroidManifest.xml
application
ADDED from src\main\AndroidManifest.xml:36:5-147:19
	android:label
		ADDED from src\main\AndroidManifest.xml:37:9-41
	android:icon
		ADDED from src\main\AndroidManifest.xml:36:18-50
provider#com.example.android.notepad.NotePadProvider
ADDED from src\main\AndroidManifest.xml:39:9-43:20
	android:authorities
		ADDED from src\main\AndroidManifest.xml:40:13-62
	android:exported
		ADDED from src\main\AndroidManifest.xml:41:13-37
	android:name
		ADDED from src\main\AndroidManifest.xml:39:19-49
grant-uri-permission
ADDED from src\main\AndroidManifest.xml:42:13-62
	android:pathPattern
		ADDED from src\main\AndroidManifest.xml:42:35-59
activity#com.example.android.notepad.NotesList
ADDED from src\main\AndroidManifest.xml:45:9-63:20
	android:label
		ADDED from src\main\AndroidManifest.xml:45:44-84
	android:theme
		ADDED from src\main\AndroidManifest.xml:46:13-60
	android:name
		ADDED from src\main\AndroidManifest.xml:45:19-43
intent-filter#android.intent.action.MAIN+android.intent.category.LAUNCHER
ADDED from src\main\AndroidManifest.xml:47:13-50:29
action#android.intent.action.MAIN
ADDED from src\main\AndroidManifest.xml:48:17-69
	android:name
		ADDED from src\main\AndroidManifest.xml:48:25-66
category#android.intent.category.LAUNCHER
ADDED from src\main\AndroidManifest.xml:49:17-77
	android:name
		ADDED from src\main\AndroidManifest.xml:49:27-74
intent-filter#android.intent.action.EDIT+android.intent.action.PICK+android.intent.action.VIEW+android.intent.category.DEFAULT
ADDED from src\main\AndroidManifest.xml:51:13-57:29
action#android.intent.action.VIEW
ADDED from src\main\AndroidManifest.xml:52:17-69
	android:name
		ADDED from src\main\AndroidManifest.xml:52:25-66
action#android.intent.action.EDIT
ADDED from src\main\AndroidManifest.xml:53:17-69
	android:name
		ADDED from src\main\AndroidManifest.xml:53:25-66
action#android.intent.action.PICK
ADDED from src\main\AndroidManifest.xml:54:17-69
	android:name
		ADDED from src\main\AndroidManifest.xml:54:25-66
category#android.intent.category.DEFAULT
ADDED from src\main\AndroidManifest.xml:55:17-76
	android:name
		ADDED from src\main\AndroidManifest.xml:55:27-73
data
ADDED from src\main\AndroidManifest.xml:56:17-83
	android:mimeType
		ADDED from src\main\AndroidManifest.xml:56:23-80
intent-filter#android.intent.action.GET_CONTENT+android.intent.category.DEFAULT
ADDED from src\main\AndroidManifest.xml:58:13-62:29
action#android.intent.action.GET_CONTENT
ADDED from src\main\AndroidManifest.xml:59:17-76
	android:name
		ADDED from src\main\AndroidManifest.xml:59:25-73
activity#com.example.android.notepad.NoteEditor
ADDED from src\main\AndroidManifest.xml:65:9-91:20
	android:screenOrientation
		ADDED from src\main\AndroidManifest.xml:67:13-47
	android:configChanges
		ADDED from src\main\AndroidManifest.xml:68:13-63
	android:theme
		ADDED from src\main\AndroidManifest.xml:66:13-60
	android:name
		ADDED from src\main\AndroidManifest.xml:65:19-44
intent-filter#android.intent.action.EDIT+android.intent.action.VIEW+android.intent.category.DEFAULT+com.android.notepad.action.EDIT_NOTE
ADDED from src\main\AndroidManifest.xml:72:13-78:29
	android:label
		ADDED from src\main\AndroidManifest.xml:72:28-64
action#com.android.notepad.action.EDIT_NOTE
ADDED from src\main\AndroidManifest.xml:75:17-79
	android:name
		ADDED from src\main\AndroidManifest.xml:75:25-76
intent-filter#android.intent.action.INSERT+android.intent.action.PASTE+android.intent.category.DEFAULT
ADDED from src\main\AndroidManifest.xml:84:13-89:29
action#android.intent.action.INSERT
ADDED from src\main\AndroidManifest.xml:85:17-71
	android:name
		ADDED from src\main\AndroidManifest.xml:85:25-68
action#android.intent.action.PASTE
ADDED from src\main\AndroidManifest.xml:86:17-70
	android:name
		ADDED from src\main\AndroidManifest.xml:86:25-67
activity#com.example.android.notepad.TitleEditor
ADDED from src\main\AndroidManifest.xml:93:9-118:20
	android:label
		ADDED from src\main\AndroidManifest.xml:94:13-53
	android:windowSoftInputMode
		ADDED from src\main\AndroidManifest.xml:97:13-55
	android:icon
		ADDED from src\main\AndroidManifest.xml:95:13-42
	android:theme
		ADDED from src\main\AndroidManifest.xml:96:13-61
	android:name
		ADDED from src\main\AndroidManifest.xml:93:19-45
intent-filter#android.intent.category.ALTERNATIVE+android.intent.category.DEFAULT+android.intent.category.SELECTED_ALTERNATIVE+com.android.notepad.action.EDIT_TITLE
ADDED from src\main\AndroidManifest.xml:102:13-117:29
	android:label
		ADDED from src\main\AndroidManifest.xml:102:28-65
action#com.android.notepad.action.EDIT_TITLE
ADDED from src\main\AndroidManifest.xml:106:17-80
	android:name
		ADDED from src\main\AndroidManifest.xml:106:25-77
category#android.intent.category.ALTERNATIVE
ADDED from src\main\AndroidManifest.xml:111:17-80
	android:name
		ADDED from src\main\AndroidManifest.xml:111:27-77
category#android.intent.category.SELECTED_ALTERNATIVE
ADDED from src\main\AndroidManifest.xml:114:17-89
	android:name
		ADDED from src\main\AndroidManifest.xml:114:27-86
activity#com.example.android.notepad.NotesLiveFolder
ADDED from src\main\AndroidManifest.xml:120:9-126:20
	android:label
		ADDED from src\main\AndroidManifest.xml:120:50-90
	android:icon
		ADDED from src\main\AndroidManifest.xml:121:13-55
	android:name
		ADDED from src\main\AndroidManifest.xml:120:19-49
intent-filter#android.intent.action.CREATE_LIVE_FOLDER+android.intent.category.DEFAULT
ADDED from src\main\AndroidManifest.xml:122:13-125:29
action#android.intent.action.CREATE_LIVE_FOLDER
ADDED from src\main\AndroidManifest.xml:123:17-83
	android:name
		ADDED from src\main\AndroidManifest.xml:123:25-80
activity#com.example.android.notepad.NoteSearch
ADDED from src\main\AndroidManifest.xml:129:9-133:20
	android:label
		ADDED from src\main\AndroidManifest.xml:131:13-55
	android:theme
		ADDED from src\main\AndroidManifest.xml:132:13-60
	android:name
		ADDED from src\main\AndroidManifest.xml:130:13-38
activity#com.example.android.notepad.NoteColor
ADDED from src\main\AndroidManifest.xml:135:9-139:20
	android:label
		ADDED from src\main\AndroidManifest.xml:137:13-50
	android:windowSoftInputMode
		ADDED from src\main\AndroidManifest.xml:138:13-55
	android:theme
		ADDED from src\main\AndroidManifest.xml:136:13-67
	android:name
		ADDED from src\main\AndroidManifest.xml:135:19-43
activity#com.example.android.notepad.NoteFontSize
ADDED from src\main\AndroidManifest.xml:141:9-145:20
	android:label
		ADDED from src\main\AndroidManifest.xml:143:13-43
	android:windowSoftInputMode
		ADDED from src\main\AndroidManifest.xml:144:13-55
	android:theme
		ADDED from src\main\AndroidManifest.xml:142:13-67
	android:name
		ADDED from src\main\AndroidManifest.xml:141:19-46